<?xml version="1.0" encoding="utf-8"?><testsuites name="pytest tests"><testsuite name="pytest" errors="0" failures="0" skipped="0" tests="11" time="3.133" timestamp="2026-06-14T11:46:37.074055+00:00" hostname="agent-env-51efeef9-8b6f-40a0-9823-bb87927aa268"><testcase classname="backend.tests.test_purchasing_api" name="test_health" time="0.172" /><testcase classname="backend.tests.test_purchasing_api" name="test_product_metadata" time="0.047" /><testcase classname="backend.tests.test_purchasing_api" name="test_schema_endpoint" time="0.039" /><testcase classname="backend.tests.test_purchasing_api" name="test_register_duplicate_returns_409" time="0.350" /><testcase classname="backend.tests.test_purchasing_api" name="test_login_success_and_me" time="0.343" /><testcase classname="backend.tests.test_purchasing_api" name="test_login_invalid_credentials_401" time="0.266" /><testcase classname="backend.tests.test_purchasing_api" name="test_auth_required_endpoints_reject_without_token" time="0.121" /><testcase classname="backend.tests.test_purchasing_api" name="test_checkout_validation_422" time="0.043" /><testcase classname="backend.tests.test_purchasing_api" name="test_checkout_creates_pending_order" time="1.259" /><testcase classname="backend.tests.test_purchasing_api" name="test_preflight_and_cors_headers" time="0.016" /><testcase classname="backend.tests.test_purchasing_api" name="test_login_rate_limit_returns_429" time="0.411" /></testsuite></testsuites>